<?xml version="1.0" encoding="UTF-8"?>
<!-- Generated by org.testng.reporters.JUnitReportReporter -->
<testsuite hostname="Dineshkumar" failures="0" tests="1" name="com.testng.TestNg_Group" time="0.010" errors="0" timestamp="2023-11-28T20:58:17 IST" skipped="0">
  <testcase classname="com.testng.TestNg_Group" name="searchLaptop" time="0.010"/>
</testsuite> <!-- com.testng.TestNg_Group -->
