<?xml version="1.0" encoding="UTF-8"?>
<!-- Generated by org.testng.reporters.JUnitReportReporter -->
<testsuite hostname="Dineshkumar" failures="0" tests="3" name="com.testng.TestNg_Priority" time="0.013" errors="0" timestamp="2023-12-11T21:32:27 IST" skipped="0">
  <testcase classname="com.testng.TestNg_Priority" name="searchMobile" time="0.008"/>
  <testcase classname="com.testng.TestNg_Priority" name="searchLaptop" time="0.003"/>
  <testcase classname="com.testng.TestNg_Priority" name="login" time="0.002"/>
</testsuite> <!-- com.testng.TestNg_Priority -->
