<?xml version="1.0" encoding="UTF-8"?>
<!-- Generated by org.testng.reporters.JUnitReportReporter -->
<testsuite hostname="Dineshkumar" failures="0" tests="2" name="com.testng.TestNG_Parameter" time="0.013" errors="0" timestamp="2023-12-13T20:19:27 IST" skipped="0">
  <testcase classname="com.testng.TestNG_Parameter" name="password" time="0.011"/>
  <testcase classname="com.testng.TestNG_Parameter" name="username" time="0.002"/>
</testsuite> <!-- com.testng.TestNG_Parameter -->
