<?xml version="1.0" encoding="UTF-8"?>
<!-- Generated by org.testng.reporters.JUnitReportReporter -->
<testsuite hostname="Dineshkumar" failures="0" tests="3" name="com.testng.TestNg_Ignore" time="0.010" errors="0" timestamp="2023-11-27T21:01:32 IST" skipped="2">
  <testcase classname="com.testng.TestNg_Ignore" name="hotelBooking" time="0.010"/>
  <testcase classname="com.testng.TestNg_Ignore" name="hotelSelect">
    <skipped/>
  </testcase> <!-- hotelSelect -->
  <testcase classname="com.testng.TestNg_Ignore" name="login">
    <skipped/>
  </testcase> <!-- login -->
</testsuite> <!-- com.testng.TestNg_Ignore -->
