<?xml version="1.0" encoding="UTF-8"?>
<!-- Generated by org.testng.reporters.JUnitReportReporter -->
<testsuite hostname="Dineshkumar" failures="0" tests="2" name="com.testng.TestNg_Parallel" time="2.060" errors="0" timestamp="2023-12-11T21:30:55 IST" skipped="0">
  <testcase classname="com.testng.TestNg_Parallel" name="login" time="1.031"/>
  <testcase classname="com.testng.TestNg_Parallel" name="searchLaptop" time="1.029"/>
</testsuite> <!-- com.testng.TestNg_Parallel -->
