<?xml version="1.0" encoding="UTF-8"?>
<!-- Generated by org.testng.reporters.JUnitReportReporter -->
<testsuite hostname="Dineshkumar" failures="0" tests="2" name="com.testng.TestNg_Timeout" time="2.044" errors="0" timestamp="2023-12-11T21:35:53 IST" skipped="0">
  <testcase classname="com.testng.TestNg_Timeout" name="searchMobile" time="1.511"/>
  <testcase classname="com.testng.TestNg_Timeout" name="login" time="0.533"/>
</testsuite> <!-- com.testng.TestNg_Timeout -->
