<?xml version="1.0" encoding="UTF-8"?>
<!-- Generated by org.testng.reporters.JUnitReportReporter -->
<testsuite hostname="Dineshkumar" failures="0" tests="2" name="com.testng.CrossBrowserTest" time="4.551" errors="0" timestamp="2023-12-13T21:12:14 IST" skipped="0">
  <testcase classname="com.testng.CrossBrowserTest" name="launchUrl" time="2.968"/>
  <testcase classname="com.testng.CrossBrowserTest" name="launchUrl" time="1.583"/>
</testsuite> <!-- com.testng.CrossBrowserTest -->
