<?xml version="1.0" encoding="UTF-8"?>
<!-- Generated by org.testng.reporters.JUnitReportReporter -->
<testsuite hostname="Dineshkumar" failures="0" tests="3" name="com.testng.TestNg_Invocation" time="0.029" errors="0" timestamp="2023-12-11T21:28:21 IST" skipped="0">
  <testcase classname="com.testng.TestNg_Invocation" name="alogin" time="0.023"/>
  <testcase classname="com.testng.TestNg_Invocation" name="bfbMainPage" time="0.003"/>
  <testcase classname="com.testng.TestNg_Invocation" name="csearchFriends" time="0.003"/>
</testsuite> <!-- com.testng.TestNg_Invocation -->
