<?xml version="1.0" encoding="UTF-8"?>
<!-- Generated by org.testng.reporters.JUnitReportReporter -->
<testsuite hostname="Dineshkumar" failures="0" tests="2" name="com.testng.Amazon" time="0.009" errors="0" timestamp="2023-11-23T21:16:18 IST" skipped="0">
  <testcase classname="com.testng.Amazon" name="searchLaptop" time="0.007"/>
  <testcase classname="com.testng.Amazon" name="searchMobile" time="0.002"/>
</testsuite> <!-- com.testng.Amazon -->
