<?xml version="1.0" encoding="UTF-8"?>
<!-- Generated by org.testng.reporters.JUnitReportReporter -->
<testsuite hostname="Dineshkumar" failures="0" tests="6" name="com.testng.TestNG_DataProvider" time="3.837" errors="0" timestamp="2023-12-13T20:34:57 IST" skipped="0">
  <testcase classname="com.testng.TestNG_DataProvider" name="login" time="0.620"/>
  <testcase classname="com.testng.TestNG_DataProvider" name="login" time="0.612"/>
  <testcase classname="com.testng.TestNG_DataProvider" name="login" time="0.717"/>
  <testcase classname="com.testng.TestNG_DataProvider" name="login" time="0.581"/>
  <testcase classname="com.testng.TestNG_DataProvider" name="login" time="0.679"/>
  <testcase classname="com.testng.TestNG_DataProvider" name="login" time="0.628"/>
</testsuite> <!-- com.testng.TestNG_DataProvider -->
